TVS Common Rail/Library/Bee/Android/Prj/IL2CPP/Gradle/launcher/build/intermediates/manifest_merge_blame_file/release/manifest-merger-blame-release-report.txt
1<?xml version="1.0" encoding="utf-8"?>
2<manifest xmlns:android="http://schemas.android.com/apk/res/android"
3    package="com.DefaultCompany.DELPHITVS"
4    android:installLocation="auto"
5    android:versionCode="1"
6    android:versionName="0.1" >
7
8    <uses-sdk
9        android:minSdkVersion="29"
9-->src\main\AndroidManifest.xml
10        android:targetSdkVersion="32" />
10-->src\main\AndroidManifest.xml
11
12    <supports-screens
12-->src\main\AndroidManifest.xml:4:3-163
13        android:anyDensity="true"
13-->src\main\AndroidManifest.xml:4:135-160
14        android:largeScreens="true"
14-->src\main\AndroidManifest.xml:4:78-105
15        android:normalScreens="true"
15-->src\main\AndroidManifest.xml:4:49-77
16        android:smallScreens="true"
16-->src\main\AndroidManifest.xml:4:21-48
17        android:xlargeScreens="true" />
17-->src\main\AndroidManifest.xml:4:106-134
18
19    <uses-permission android:name="android.permission.INTERNET" />
19-->[:unityLibrary] AndroidManifest.xml:10:5-67
19-->[:unityLibrary] AndroidManifest.xml:10:22-64
20    <uses-permission android:name="android.permission.ACCESS_NETWORK_STATE" />
20-->[:unityLibrary] AndroidManifest.xml:11:5-79
20-->[:unityLibrary] AndroidManifest.xml:11:22-76
21    <uses-permission android:name="android.permission.RECORD_AUDIO" />
21-->[:unityLibrary] AndroidManifest.xml:12:5-71
21-->[:unityLibrary] AndroidManifest.xml:12:22-68
22    <uses-permission android:name="android.permission.MODIFY_AUDIO_SETTINGS" />
22-->[:unityLibrary] AndroidManifest.xml:13:5-80
22-->[:unityLibrary] AndroidManifest.xml:13:22-77
23
24    <uses-feature
24-->[:unityLibrary] AndroidManifest.xml:15:5-18:31
25        android:name="android.hardware.vr.headtracking"
25-->[:unityLibrary] AndroidManifest.xml:16:9-56
26        android:required="true"
26-->[:unityLibrary] AndroidManifest.xml:17:9-32
27        android:version="1" />
27-->[:unityLibrary] AndroidManifest.xml:18:9-28
28    <uses-feature
28-->[:unityLibrary] AndroidManifest.xml:19:5-21:35
29        android:name="android.hardware.vulkan.version"
29-->[:unityLibrary] AndroidManifest.xml:20:9-55
30        android:required="true" />
30-->[:unityLibrary] AndroidManifest.xml:21:9-32
31    <uses-feature
31-->[:unityLibrary] AndroidManifest.xml:22:5-24:36
32        android:name="android.hardware.microphone"
32-->[:unityLibrary] AndroidManifest.xml:23:9-51
33        android:required="false" />
33-->[:unityLibrary] AndroidManifest.xml:24:9-33
34    <uses-feature
34-->[:unityLibrary] AndroidManifest.xml:25:5-27:36
35        android:name="android.hardware.touchscreen"
35-->[:unityLibrary] AndroidManifest.xml:26:9-52
36        android:required="false" />
36-->[:unityLibrary] AndroidManifest.xml:27:9-33
37    <uses-feature
37-->[:unityLibrary] AndroidManifest.xml:28:5-30:36
38        android:name="android.hardware.touchscreen.multitouch"
38-->[:unityLibrary] AndroidManifest.xml:29:9-63
39        android:required="false" />
39-->[:unityLibrary] AndroidManifest.xml:30:9-33
40    <uses-feature
40-->[:unityLibrary] AndroidManifest.xml:31:5-33:36
41        android:name="android.hardware.touchscreen.multitouch.distinct"
41-->[:unityLibrary] AndroidManifest.xml:32:9-72
42        android:required="false" />
42-->[:unityLibrary] AndroidManifest.xml:33:9-33
43    <uses-feature
43-->[:unityLibrary] AndroidManifest.xml:34:5-36:36
44        android:name="oculus.software.handtracking"
44-->[:unityLibrary] AndroidManifest.xml:35:9-52
45        android:required="false" />
45-->[:unityLibrary] AndroidManifest.xml:36:9-33
46
47    <uses-permission android:name="com.oculus.permission.HAND_TRACKING" />
47-->[:unityLibrary] AndroidManifest.xml:38:5-75
47-->[:unityLibrary] AndroidManifest.xml:38:22-72
48
49    <application
49-->src\main\AndroidManifest.xml:3:3-83
50        android:allowBackup="false"
50-->[:unityLibrary] AndroidManifest.xml:41:9-36
51        android:extractNativeLibs="true"
51-->[:unityLibrary] AndroidManifest.xml:42:9-41
52        android:icon="@mipmap/app_icon"
52-->src\main\AndroidManifest.xml:3:49-80
53        android:label="@string/app_name"
53-->src\main\AndroidManifest.xml:3:16-48
54        android:networkSecurityConfig="@xml/network_sec_config" >
54-->[:unityLibrary] AndroidManifest.xml:45:9-64
55        <meta-data
55-->[:unityLibrary] AndroidManifest.xml:46:9-48:37
56            android:name="unityplayer.SkipPermissionsDialog"
56-->[:unityLibrary] AndroidManifest.xml:47:13-61
57            android:value="false" />
57-->[:unityLibrary] AndroidManifest.xml:48:13-34
58        <meta-data
58-->[:unityLibrary] AndroidManifest.xml:49:9-51:39
59            android:name="com.samsung.android.vr.application.mode"
59-->[:unityLibrary] AndroidManifest.xml:50:13-67
60            android:value="vr_only" />
60-->[:unityLibrary] AndroidManifest.xml:51:13-36
61        <meta-data
61-->[:unityLibrary] AndroidManifest.xml:52:9-55:54
62            android:name="com.oculus.supportedDevices"
62-->[:unityLibrary] AndroidManifest.xml:53:13-55
63            replace="android:value"
63-->[:unityLibrary] AndroidManifest.xml:54:13-36
64            android:value="quest2|questpro|eureka" />
64-->[:unityLibrary] AndroidManifest.xml:55:13-51
65        <meta-data
65-->[:unityLibrary] AndroidManifest.xml:56:9-58:33
66            android:name="unity.splash-mode"
66-->[:unityLibrary] AndroidManifest.xml:57:13-45
67            android:value="0" />
67-->[:unityLibrary] AndroidManifest.xml:58:13-30
68        <meta-data
68-->[:unityLibrary] AndroidManifest.xml:59:9-61:36
69            android:name="unity.splash-enable"
69-->[:unityLibrary] AndroidManifest.xml:60:13-47
70            android:value="True" />
70-->[:unityLibrary] AndroidManifest.xml:61:13-33
71        <meta-data
71-->[:unityLibrary] AndroidManifest.xml:62:9-64:36
72            android:name="unity.launch-fullscreen"
72-->[:unityLibrary] AndroidManifest.xml:63:13-51
73            android:value="True" />
73-->[:unityLibrary] AndroidManifest.xml:64:13-33
74        <meta-data
74-->[:unityLibrary] AndroidManifest.xml:65:9-67:37
75            android:name="unity.allow-resizable-window"
75-->[:unityLibrary] AndroidManifest.xml:66:13-56
76            android:value="False" />
76-->[:unityLibrary] AndroidManifest.xml:67:13-34
77        <meta-data
77-->[:unityLibrary] AndroidManifest.xml:68:9-70:50
78            android:name="notch.config"
78-->[:unityLibrary] AndroidManifest.xml:69:13-40
79            android:value="portrait|landscape" />
79-->[:unityLibrary] AndroidManifest.xml:70:13-47
80        <meta-data
80-->[:unityLibrary] AndroidManifest.xml:71:9-73:36
81            android:name="unity.auto-report-fully-drawn"
81-->[:unityLibrary] AndroidManifest.xml:72:13-57
82            android:value="true" />
82-->[:unityLibrary] AndroidManifest.xml:73:13-33
83
84        <activity
84-->[:unityLibrary] AndroidManifest.xml:75:9-98:20
85            android:name="com.unity3d.player.UnityPlayerActivity"
85-->[:unityLibrary] AndroidManifest.xml:76:13-66
86            android:configChanges="keyboard|keyboardHidden|navigation|orientation|screenLayout|screenSize|uiMode|density"
86-->[:unityLibrary] AndroidManifest.xml:77:13-122
87            android:excludeFromRecents="true"
87-->[:unityLibrary] AndroidManifest.xml:78:13-46
88            android:exported="true"
88-->[:unityLibrary] AndroidManifest.xml:79:13-36
89            android:hardwareAccelerated="false"
89-->[:unityLibrary] AndroidManifest.xml:80:13-48
90            android:launchMode="singleTask"
90-->[:unityLibrary] AndroidManifest.xml:81:13-44
91            android:resizeableActivity="false"
91-->[:unityLibrary] AndroidManifest.xml:82:13-47
92            android:screenOrientation="landscape"
92-->[:unityLibrary] AndroidManifest.xml:83:13-50
93            android:theme="@android:style/Theme.Black.NoTitleBar.Fullscreen" >
93-->[:unityLibrary] AndroidManifest.xml:84:13-77
94            <intent-filter>
94-->[:unityLibrary] AndroidManifest.xml:85:13-90:29
95                <category android:name="android.intent.category.LAUNCHER" />
95-->[:unityLibrary] AndroidManifest.xml:86:17-77
95-->[:unityLibrary] AndroidManifest.xml:86:27-74
96                <category android:name="com.oculus.intent.category.VR" />
96-->[:unityLibrary] AndroidManifest.xml:87:17-74
96-->[:unityLibrary] AndroidManifest.xml:87:27-71
97
98                <action android:name="android.intent.action.MAIN" />
98-->[:unityLibrary] AndroidManifest.xml:89:17-69
98-->[:unityLibrary] AndroidManifest.xml:89:25-66
99            </intent-filter>
100
101            <meta-data
101-->[:unityLibrary] AndroidManifest.xml:92:13-94:40
102                android:name="com.oculus.vr.focusaware"
102-->[:unityLibrary] AndroidManifest.xml:93:17-56
103                android:value="true" />
103-->[:unityLibrary] AndroidManifest.xml:94:17-37
104            <meta-data
104-->[:unityLibrary] AndroidManifest.xml:95:13-97:40
105                android:name="notch_support"
105-->[:unityLibrary] AndroidManifest.xml:96:17-45
106                android:value="true" />
106-->[:unityLibrary] AndroidManifest.xml:97:17-37
107        </activity>
108
109        <meta-data
109-->[:unityLibrary] AndroidManifest.xml:100:9-102:37
110            android:name="com.unity.xr.oculus.LowOverheadMode"
110-->[:unityLibrary] AndroidManifest.xml:101:13-63
111            android:value="false" />
111-->[:unityLibrary] AndroidManifest.xml:102:13-34
112        <meta-data
112-->[:unityLibrary] AndroidManifest.xml:103:9-105:37
113            android:name="com.unity.xr.oculus.LateLatching"
113-->[:unityLibrary] AndroidManifest.xml:104:13-60
114            android:value="false" />
114-->[:unityLibrary] AndroidManifest.xml:105:13-34
115        <meta-data
115-->[:unityLibrary] AndroidManifest.xml:106:9-108:37
116            android:name="com.unity.xr.oculus.LateLatchingDebug"
116-->[:unityLibrary] AndroidManifest.xml:107:13-65
117            android:value="false" />
117-->[:unityLibrary] AndroidManifest.xml:108:13-34
118        <meta-data
118-->[:unityLibrary] AndroidManifest.xml:109:9-111:35
119            android:name="com.oculus.handtracking.frequency"
119-->[:unityLibrary] AndroidManifest.xml:110:13-61
120            android:value="LOW" />
120-->[:unityLibrary] AndroidManifest.xml:111:13-32
121    </application>
122
123</manifest>